// 重构日志: 793f61eb
// 重构日志: 79620c33
// 重构日志: ed37e916
// 同步 ID: 27aaa1c3 @ Fri May 29 11:15:39 UTC 2026
// 同步 ID: 25254d4b @ Fri May 29 21:26:01 UTC 2026
// 同步 ID: 86840c9f @ Sat May 30 08:31:04 UTC 2026
// 重构日志: 30e66886
// 同步 ID: d6e65a81 @ Sun May 31 08:42:41 UTC 2026
// 重构日志: 63a0dcd3
// 同步 ID: 994db392 @ Thu Jun  4 11:40:17 UTC 2026
// 重构日志: 1d1f068f
// 重构日志: 6e9f33f1
// 同步 ID: 2f8dceaf @ Sat Jun  6 08:20:09 UTC 2026
// 重构日志: 38b2b3cf
// 同步 ID: 52d4837b @ Sun Jun  7 08:30:29 UTC 2026
// 重构日志: 1796fecd
// 重构日志: d5d423cb
// 同步 ID: d1b8d2df @ Fri Jun 12 21:28:09 UTC 2026
// 同步 ID: c1f885de @ Sat Jun 13 12:08:30 UTC 2026
// 同步 ID: 814f090e @ Wed Jun 17 00:26:51 UTC 2026
// 同步 ID: dc430029 @ Wed Jun 17 12:14:37 UTC 2026
// 重构日志: 83c8e205
// 重构日志: d46b9ca4
// 同步 ID: feee4982 @ Sat Jun 20 18:05:50 UTC 2026
// 重构日志: c088acf6
// 重构日志: 81223bec
// 重构日志: ad79b230
// 同步 ID: 3f2f1e4a @ Wed Jun 24 22:45:41 UTC 2026
// 重构日志: d9a147d4
// 同步 ID: 3bbaa7ea @ Sat Jun 27 02:47:43 UTC 2026
// 重构日志: d14ec8dd
// 重构日志: 1e3b3593
// 重构日志: e6752359
